<?xml version="1.0" encoding="UTF-8"?>
<!-- Generated by org.testng.reporters.JUnitReportReporter -->
<testsuite hostname="WP5LDL019" name="com.face.facebooklog" tests="1" failures="0" timestamp="24 Mar 2014 16:24:41 GMT" time="30.945" errors="0">
  <testcase name="loginGmail" time="30.945" classname="com.face.facebooklog"/>
</testsuite> <!-- com.face.facebooklog -->
